mode: set
quanyu-battery-sync/internal/config/config.go:75.41,77.16 2 0
quanyu-battery-sync/internal/config/config.go:77.16,79.3 1 0
quanyu-battery-sync/internal/config/config.go:81.2,82.51 2 0
quanyu-battery-sync/internal/config/config.go:82.51,84.3 1 0
quanyu-battery-sync/internal/config/config.go:87.2,87.30 1 0
quanyu-battery-sync/internal/config/config.go:87.30,89.3 1 0
quanyu-battery-sync/internal/config/config.go:90.2,90.29 1 0
quanyu-battery-sync/internal/config/config.go:90.29,92.3 1 0
quanyu-battery-sync/internal/config/config.go:93.2,93.32 1 0
quanyu-battery-sync/internal/config/config.go:93.32,95.3 1 0
quanyu-battery-sync/internal/config/config.go:96.2,96.40 1 0
quanyu-battery-sync/internal/config/config.go:96.40,98.3 1 0
quanyu-battery-sync/internal/config/config.go:99.2,99.27 1 0
quanyu-battery-sync/internal/config/config.go:99.27,101.3 1 0
quanyu-battery-sync/internal/config/config.go:102.2,102.32 1 0
quanyu-battery-sync/internal/config/config.go:102.32,104.3 1 0
quanyu-battery-sync/internal/config/config.go:105.2,105.35 1 0
quanyu-battery-sync/internal/config/config.go:105.35,107.3 1 0
quanyu-battery-sync/internal/config/config.go:108.2,108.34 1 0
quanyu-battery-sync/internal/config/config.go:108.34,110.3 1 0
quanyu-battery-sync/internal/config/config.go:111.2,111.38 1 0
quanyu-battery-sync/internal/config/config.go:111.38,113.3 1 0
quanyu-battery-sync/internal/config/config.go:114.2,114.37 1 0
quanyu-battery-sync/internal/config/config.go:114.37,116.3 1 0
quanyu-battery-sync/internal/config/config.go:117.2,117.23 1 0
quanyu-battery-sync/internal/config/config.go:117.23,119.3 1 0
quanyu-battery-sync/internal/config/config.go:120.2,120.25 1 0
quanyu-battery-sync/internal/config/config.go:120.25,122.3 1 0
quanyu-battery-sync/internal/config/config.go:123.2,123.26 1 0
quanyu-battery-sync/internal/config/config.go:123.26,125.3 1 0
quanyu-battery-sync/internal/config/config.go:126.2,126.29 1 0
quanyu-battery-sync/internal/config/config.go:126.29,128.3 1 0
quanyu-battery-sync/internal/config/config.go:129.2,129.25 1 0
quanyu-battery-sync/internal/config/config.go:129.25,131.3 1 0
quanyu-battery-sync/internal/config/config.go:133.2,139.44 6 0
quanyu-battery-sync/internal/config/config.go:139.44,141.3 1 0
quanyu-battery-sync/internal/config/config.go:142.2,142.38 1 0
quanyu-battery-sync/internal/config/config.go:142.38,144.3 1 0
quanyu-battery-sync/internal/config/config.go:145.2,145.38 1 0
quanyu-battery-sync/internal/config/config.go:145.38,147.3 1 0
quanyu-battery-sync/internal/config/config.go:148.2,148.43 1 0
quanyu-battery-sync/internal/config/config.go:148.43,150.3 1 0
quanyu-battery-sync/internal/config/config.go:152.2,152.18 1 0
quanyu-battery-sync/internal/config/config.go:155.59,156.20 1 0
quanyu-battery-sync/internal/config/config.go:156.20,158.3 1 0
quanyu-battery-sync/internal/device/provider.go:27.76,36.2 1 0
quanyu-battery-sync/internal/device/provider.go:39.53,41.43 1 0
quanyu-battery-sync/internal/device/provider.go:41.43,43.3 1 0
quanyu-battery-sync/internal/device/provider.go:45.2,46.12 2 0
quanyu-battery-sync/internal/device/provider.go:50.39,57.2 5 0
quanyu-battery-sync/internal/device/provider.go:59.53,63.6 3 0
quanyu-battery-sync/internal/device/provider.go:63.6,64.10 1 0
quanyu-battery-sync/internal/device/provider.go:65.21,66.10 1 0
quanyu-battery-sync/internal/device/provider.go:67.19,68.45 1 0
quanyu-battery-sync/internal/device/provider.go:68.45,70.5 1 0
quanyu-battery-sync/internal/device/provider.go:75.59,79.16 3 0
quanyu-battery-sync/internal/device/provider.go:79.16,81.3 1 0
quanyu-battery-sync/internal/device/provider.go:83.2,84.16 2 0
quanyu-battery-sync/internal/device/provider.go:84.16,86.3 1 0
quanyu-battery-sync/internal/device/provider.go:87.2,89.38 2 0
quanyu-battery-sync/internal/device/provider.go:89.38,91.3 1 0
quanyu-battery-sync/internal/device/provider.go:93.2,94.65 2 0
quanyu-battery-sync/internal/device/provider.go:94.65,96.3 1 0
quanyu-battery-sync/internal/device/provider.go:98.2,103.12 5 0
quanyu-battery-sync/internal/logger/logger.go:19.87,22.47 2 0
quanyu-battery-sync/internal/logger/logger.go:22.47,24.3 1 0
quanyu-battery-sync/internal/logger/logger.go:27.2,28.62 2 0
quanyu-battery-sync/internal/logger/logger.go:28.62,30.3 1 0
quanyu-battery-sync/internal/logger/logger.go:33.2,72.17 14 0
quanyu-battery-sync/internal/logger/logger.go:72.17,74.53 2 0
quanyu-battery-sync/internal/logger/logger.go:74.53,76.4 1 0
quanyu-battery-sync/internal/logger/logger.go:77.3,84.35 3 0
quanyu-battery-sync/internal/logger/logger.go:87.2,87.12 1 0
quanyu-battery-sync/internal/logger/logger.go:91.74,92.24 1 0
quanyu-battery-sync/internal/logger/logger.go:92.24,100.3 1 0
quanyu-battery-sync/internal/logger/logger.go:104.74,119.2 7 0
quanyu-battery-sync/internal/logger/logger.go:121.13,122.22 1 0
quanyu-battery-sync/internal/logger/logger.go:122.22,124.3 1 0
quanyu-battery-sync/internal/logger/logger.go:125.2,125.24 1 0
quanyu-battery-sync/internal/logger/logger.go:125.24,127.3 1 0
quanyu-battery-sync/internal/callback/handler.go:23.75,28.2 1 0
quanyu-battery-sync/internal/callback/handler.go:31.69,32.33 1 0
quanyu-battery-sync/internal/callback/handler.go:32.33,35.3 2 0
quanyu-battery-sync/internal/callback/handler.go:37.2,38.16 2 0
quanyu-battery-sync/internal/callback/handler.go:38.16,42.3 3 0
quanyu-battery-sync/internal/callback/handler.go:43.2,52.51 5 0
quanyu-battery-sync/internal/callback/handler.go:52.51,56.3 3 0
quanyu-battery-sync/internal/callback/handler.go:59.2,60.9 2 0
quanyu-battery-sync/internal/callback/handler.go:60.9,64.3 3 0
quanyu-battery-sync/internal/callback/handler.go:67.2,68.83 2 0
quanyu-battery-sync/internal/callback/handler.go:68.83,72.3 3 0
quanyu-battery-sync/internal/callback/handler.go:74.2,77.49 2 0
quanyu-battery-sync/internal/callback/handler.go:77.49,79.3 1 0
quanyu-battery-sync/internal/callback/handler.go:79.8,79.59 1 0
quanyu-battery-sync/internal/callback/handler.go:79.59,81.3 1 0
quanyu-battery-sync/internal/callback/handler.go:81.8,81.59 1 0
quanyu-battery-sync/internal/callback/handler.go:81.59,83.3 1 0
quanyu-battery-sync/internal/callback/handler.go:83.8,85.3 1 0
quanyu-battery-sync/internal/callback/handler.go:87.2,87.30 1 0
quanyu-battery-sync/internal/callback/handler.go:91.64,93.55 2 0
quanyu-battery-sync/internal/callback/handler.go:93.55,96.3 2 0
quanyu-battery-sync/internal/callback/handler.go:98.2,103.36 2 0
quanyu-battery-sync/internal/callback/handler.go:103.36,122.68 3 0
quanyu-battery-sync/internal/callback/handler.go:122.68,127.12 2 0
quanyu-battery-sync/internal/callback/handler.go:131.3,139.90 2 0
quanyu-battery-sync/internal/callback/handler.go:139.90,144.4 1 0
quanyu-battery-sync/internal/callback/handler.go:149.65,151.55 2 0
quanyu-battery-sync/internal/callback/handler.go:151.55,154.3 2 0
quanyu-battery-sync/internal/callback/handler.go:156.2,161.36 2 0
quanyu-battery-sync/internal/callback/handler.go:161.36,162.37 1 0
quanyu-battery-sync/internal/callback/handler.go:162.37,173.71 2 0
quanyu-battery-sync/internal/callback/handler.go:173.71,179.5 1 0
quanyu-battery-sync/internal/callback/handler.go:185.66,187.55 2 0
quanyu-battery-sync/internal/callback/handler.go:187.55,190.3 2 0
quanyu-battery-sync/internal/callback/handler.go:192.2,197.36 2 0
quanyu-battery-sync/internal/callback/handler.go:197.36,206.72 2 0
quanyu-battery-sync/internal/callback/handler.go:206.72,211.4 1 0
quanyu-battery-sync/cmd/main.go:22.13,28.16 4 0
quanyu-battery-sync/cmd/main.go:28.16,31.3 2 0
quanyu-battery-sync/cmd/main.go:34.2,34.138 1 0
quanyu-battery-sync/cmd/main.go:34.138,37.3 2 0
quanyu-battery-sync/cmd/main.go:38.2,55.16 9 0
quanyu-battery-sync/cmd/main.go:55.16,57.3 1 0
quanyu-battery-sync/cmd/main.go:60.2,60.54 1 0
quanyu-battery-sync/cmd/main.go:60.54,62.3 1 0
quanyu-battery-sync/cmd/main.go:63.2,75.77 7 0
quanyu-battery-sync/cmd/main.go:75.77,78.3 2 0
quanyu-battery-sync/cmd/main.go:80.2,85.12 2 0
quanyu-battery-sync/cmd/main.go:85.12,87.84 2 0
quanyu-battery-sync/cmd/main.go:87.84,89.4 1 0
quanyu-battery-sync/cmd/main.go:93.2,96.44 2 0
quanyu-battery-sync/cmd/main.go:96.44,98.3 1 0
quanyu-battery-sync/cmd/main.go:101.2,101.42 1 0
quanyu-battery-sync/cmd/main.go:101.42,103.3 1 0
quanyu-battery-sync/cmd/main.go:106.2,124.57 11 0
quanyu-battery-sync/cmd/main.go:124.57,126.3 1 0
quanyu-battery-sync/cmd/main.go:128.2,128.54 1 0
quanyu-battery-sync/cmd/main.go:128.54,130.3 1 0
quanyu-battery-sync/cmd/main.go:132.2,132.29 1 0
quanyu-battery-sync/internal/sync/charge.go:10.76,14.46 3 0
quanyu-battery-sync/internal/sync/charge.go:14.46,16.3 1 0
quanyu-battery-sync/internal/sync/charge.go:16.8,18.24 2 0
quanyu-battery-sync/internal/sync/charge.go:18.24,20.4 1 0
quanyu-battery-sync/internal/sync/charge.go:21.3,21.74 1 0
quanyu-battery-sync/internal/sync/charge.go:24.2,30.6 5 0
quanyu-battery-sync/internal/sync/charge.go:30.6,32.17 2 0
quanyu-battery-sync/internal/sync/charge.go:32.17,35.4 2 0
quanyu-battery-sync/internal/sync/charge.go:37.3,37.37 1 0
quanyu-battery-sync/internal/sync/charge.go:37.37,52.4 1 0
quanyu-battery-sync/internal/sync/charge.go:55.3,55.61 1 0
quanyu-battery-sync/internal/sync/charge.go:55.61,56.9 1 0
quanyu-battery-sync/internal/sync/charge.go:58.3,58.9 1 0
quanyu-battery-sync/internal/sync/charge.go:61.2,61.22 1 0
quanyu-battery-sync/internal/sync/charge.go:61.22,63.17 2 0
quanyu-battery-sync/internal/sync/charge.go:63.17,66.4 2 0
quanyu-battery-sync/internal/sync/charge.go:67.3,67.12 1 0
quanyu-battery-sync/internal/sync/charge.go:70.2,70.67 1 0
quanyu-battery-sync/internal/sync/detail.go:12.72,14.16 2 0
quanyu-battery-sync/internal/sync/detail.go:14.16,17.3 2 0
quanyu-battery-sync/internal/sync/detail.go:19.2,52.64 2 0
quanyu-battery-sync/internal/sync/detail.go:52.64,55.3 2 0
quanyu-battery-sync/internal/sync/detail.go:57.2,63.12 2 0
quanyu-battery-sync/internal/sync/event.go:10.71,14.46 3 0
quanyu-battery-sync/internal/sync/event.go:14.46,16.3 1 0
quanyu-battery-sync/internal/sync/event.go:16.8,18.24 2 0
quanyu-battery-sync/internal/sync/event.go:18.24,20.4 1 0
quanyu-battery-sync/internal/sync/event.go:21.3,21.74 1 0
quanyu-battery-sync/internal/sync/event.go:24.2,30.6 5 0
quanyu-battery-sync/internal/sync/event.go:30.6,32.17 2 0
quanyu-battery-sync/internal/sync/event.go:32.17,35.4 2 0
quanyu-battery-sync/internal/sync/event.go:37.3,37.36 1 0
quanyu-battery-sync/internal/sync/event.go:37.36,51.4 1 0
quanyu-battery-sync/internal/sync/event.go:54.3,55.53 2 0
quanyu-battery-sync/internal/sync/event.go:55.53,56.9 1 0
quanyu-battery-sync/internal/sync/event.go:58.3,58.9 1 0
quanyu-battery-sync/internal/sync/event.go:61.2,61.22 1 0
quanyu-battery-sync/internal/sync/event.go:61.22,63.17 2 0
quanyu-battery-sync/internal/sync/event.go:63.17,66.4 2 0
quanyu-battery-sync/internal/sync/event.go:67.3,67.12 1 0
quanyu-battery-sync/internal/sync/event.go:70.2,70.61 1 0
quanyu-battery-sync/internal/sync/history.go:11.77,15.46 3 0
quanyu-battery-sync/internal/sync/history.go:15.46,17.3 1 0
quanyu-battery-sync/internal/sync/history.go:17.8,19.24 2 0
quanyu-battery-sync/internal/sync/history.go:19.24,21.4 1 0
quanyu-battery-sync/internal/sync/history.go:22.3,22.74 1 0
quanyu-battery-sync/internal/sync/history.go:25.2,28.16 3 0
quanyu-battery-sync/internal/sync/history.go:28.16,31.3 2 0
quanyu-battery-sync/internal/sync/history.go:33.2,54.16 4 0
quanyu-battery-sync/internal/sync/history.go:54.16,57.3 2 0
quanyu-battery-sync/internal/sync/history.go:59.2,62.68 3 0
quanyu-battery-sync/internal/sync/subscriber.go:30.15,38.2 1 0
quanyu-battery-sync/internal/sync/subscriber.go:41.60,48.46 2 0
quanyu-battery-sync/internal/sync/subscriber.go:48.46,50.3 1 0
quanyu-battery-sync/internal/sync/subscriber.go:52.2,52.12 1 0
quanyu-battery-sync/internal/sync/subscriber.go:52.12,56.7 3 0
quanyu-battery-sync/internal/sync/subscriber.go:56.7,57.11 1 0
quanyu-battery-sync/internal/sync/subscriber.go:58.22,60.11 2 0
quanyu-battery-sync/internal/sync/subscriber.go:61.20,62.49 1 0
quanyu-battery-sync/internal/sync/subscriber.go:62.49,64.6 1 0
quanyu-battery-sync/internal/sync/subscriber.go:71.64,73.20 2 0
quanyu-battery-sync/internal/sync/subscriber.go:73.20,76.3 2 0
quanyu-battery-sync/internal/sync/subscriber.go:78.2,84.44 5 0
quanyu-battery-sync/internal/sync/subscriber.go:84.44,86.22 2 0
quanyu-battery-sync/internal/sync/subscriber.go:86.22,88.4 1 0
quanyu-battery-sync/internal/sync/subscriber.go:90.3,93.29 2 0
quanyu-battery-sync/internal/sync/subscriber.go:93.29,95.18 2 0
quanyu-battery-sync/internal/sync/subscriber.go:95.18,101.13 3 0
quanyu-battery-sync/internal/sync/subscriber.go:104.4,104.23 1 0
quanyu-battery-sync/internal/sync/subscriber.go:104.23,111.13 3 0
quanyu-battery-sync/internal/sync/subscriber.go:114.4,114.18 1 0
quanyu-battery-sync/internal/sync/subscriber.go:118.2,124.12 2 0
quanyu-battery-sync/internal/sync/syncer.go:32.11,41.2 1 0
quanyu-battery-sync/internal/sync/syncer.go:44.51,58.29 2 0
quanyu-battery-sync/internal/sync/syncer.go:58.29,59.24 1 0
quanyu-battery-sync/internal/sync/syncer.go:59.24,61.12 2 0
quanyu-battery-sync/internal/sync/syncer.go:64.3,66.50 3 0
quanyu-battery-sync/internal/sync/syncer.go:66.50,68.4 1 0
quanyu-battery-sync/internal/sync/syncer.go:69.3,69.17 1 0
quanyu-battery-sync/internal/sync/syncer.go:69.17,75.12 2 0
quanyu-battery-sync/internal/sync/syncer.go:77.3,80.4 1 0
quanyu-battery-sync/internal/sync/syncer.go:83.2,84.12 2 0
quanyu-battery-sync/internal/sync/syncer.go:88.25,89.19 1 0
quanyu-battery-sync/internal/sync/syncer.go:89.19,91.3 1 0
quanyu-battery-sync/internal/sync/syncer.go:95.109,97.20 2 0
quanyu-battery-sync/internal/sync/syncer.go:97.20,100.3 2 0
quanyu-battery-sync/internal/sync/syncer.go:102.2,110.27 4 0
quanyu-battery-sync/internal/sync/syncer.go:110.27,111.38 1 0
quanyu-battery-sync/internal/sync/syncer.go:111.38,118.4 2 0
quanyu-battery-sync/internal/sync/syncer.go:118.9,120.4 1 0
quanyu-battery-sync/internal/sync/syncer.go:123.2,128.3 1 0
quanyu-battery-sync/internal/sync/trace.go:10.71,14.46 3 0
quanyu-battery-sync/internal/sync/trace.go:14.46,16.3 1 0
quanyu-battery-sync/internal/sync/trace.go:16.8,18.24 2 0
quanyu-battery-sync/internal/sync/trace.go:18.24,20.4 1 0
quanyu-battery-sync/internal/sync/trace.go:21.3,21.69 1 0
quanyu-battery-sync/internal/sync/trace.go:26.2,27.26 2 0
quanyu-battery-sync/internal/sync/trace.go:27.26,30.17 2 0
quanyu-battery-sync/internal/sync/trace.go:30.17,32.4 1 0
quanyu-battery-sync/internal/sync/trace.go:35.2,41.6 5 0
quanyu-battery-sync/internal/sync/trace.go:41.6,43.17 2 0
quanyu-battery-sync/internal/sync/trace.go:43.17,46.4 2 0
quanyu-battery-sync/internal/sync/trace.go:48.3,48.37 1 0
quanyu-battery-sync/internal/sync/trace.go:48.37,55.4 1 0
quanyu-battery-sync/internal/sync/trace.go:58.3,58.57 1 0
quanyu-battery-sync/internal/sync/trace.go:58.57,59.9 1 0
quanyu-battery-sync/internal/sync/trace.go:61.3,61.9 1 0
quanyu-battery-sync/internal/sync/trace.go:64.2,64.22 1 0
quanyu-battery-sync/internal/sync/trace.go:64.22,66.17 2 0
quanyu-battery-sync/internal/sync/trace.go:66.17,69.4 2 0
quanyu-battery-sync/internal/sync/trace.go:70.3,70.12 1 0
quanyu-battery-sync/internal/sync/trace.go:73.2,74.61 2 0
quanyu-battery-sync/internal/storage/battery_detail.go:48.94,55.16 6 0
quanyu-battery-sync/internal/storage/battery_detail.go:55.16,57.3 1 0
quanyu-battery-sync/internal/storage/battery_detail.go:58.2,58.12 1 0
quanyu-battery-sync/internal/storage/battery_detail.go:62.110,75.16 7 0
quanyu-battery-sync/internal/storage/battery_detail.go:75.16,81.3 2 0
quanyu-battery-sync/internal/storage/battery_detail.go:82.2,82.12 1 0
quanyu-battery-sync/internal/storage/battery_detail.go:86.101,92.33 5 0
quanyu-battery-sync/internal/storage/battery_detail.go:92.33,94.3 1 0
quanyu-battery-sync/internal/storage/battery_detail.go:95.2,95.16 1 0
quanyu-battery-sync/internal/storage/battery_detail.go:95.16,97.3 1 0
quanyu-battery-sync/internal/storage/battery_detail.go:98.2,98.18 1 0
quanyu-battery-sync/internal/storage/battery_event.go:29.102,30.20 1 0
quanyu-battery-sync/internal/storage/battery_event.go:30.20,32.3 1 0
quanyu-battery-sync/internal/storage/battery_event.go:34.2,37.27 3 0
quanyu-battery-sync/internal/storage/battery_event.go:37.27,46.3 4 0
quanyu-battery-sync/internal/storage/battery_event.go:48.2,50.16 3 0
quanyu-battery-sync/internal/storage/battery_event.go:50.16,52.3 1 0
quanyu-battery-sync/internal/storage/battery_event.go:54.2,54.62 1 0
quanyu-battery-sync/internal/storage/battery_history.go:34.105,35.20 1 0
quanyu-battery-sync/internal/storage/battery_history.go:35.20,37.3 1 0
quanyu-battery-sync/internal/storage/battery_history.go:39.2,42.27 3 0
quanyu-battery-sync/internal/storage/battery_history.go:42.27,50.3 4 0
quanyu-battery-sync/internal/storage/battery_history.go:52.2,54.16 3 0
quanyu-battery-sync/internal/storage/battery_history.go:54.16,56.3 1 0
quanyu-battery-sync/internal/storage/battery_history.go:58.2,58.62 1 0
quanyu-battery-sync/internal/storage/battery_trace.go:21.102,22.20 1 0
quanyu-battery-sync/internal/storage/battery_trace.go:22.20,24.3 1 0
quanyu-battery-sync/internal/storage/battery_trace.go:26.2,29.27 3 0
quanyu-battery-sync/internal/storage/battery_trace.go:29.27,37.3 4 0
quanyu-battery-sync/internal/storage/battery_trace.go:39.2,41.16 3 0
quanyu-battery-sync/internal/storage/battery_trace.go:41.16,43.3 1 0
quanyu-battery-sync/internal/storage/battery_trace.go:45.2,45.62 1 0
quanyu-battery-sync/internal/storage/callback_alarm.go:23.94,35.2 6 0
quanyu-battery-sync/internal/storage/callback_info.go:28.92,36.2 6 0
quanyu-battery-sync/internal/storage/callback_online.go:21.96,31.2 6 0
quanyu-battery-sync/internal/storage/charge_record.go:29.102,30.20 1 0
quanyu-battery-sync/internal/storage/charge_record.go:30.20,32.3 1 0
quanyu-battery-sync/internal/storage/charge_record.go:34.2,37.27 3 0
quanyu-battery-sync/internal/storage/charge_record.go:37.27,45.3 4 0
quanyu-battery-sync/internal/storage/charge_record.go:47.2,49.16 3 0
quanyu-battery-sync/internal/storage/charge_record.go:49.16,51.3 1 0
quanyu-battery-sync/internal/storage/charge_record.go:53.2,53.62 1 0
quanyu-battery-sync/internal/storage/mongo.go:25.91,27.46 2 0
quanyu-battery-sync/internal/storage/mongo.go:27.46,32.3 1 0
quanyu-battery-sync/internal/storage/mongo.go:34.2,38.16 4 0
quanyu-battery-sync/internal/storage/mongo.go:38.16,40.3 1 0
quanyu-battery-sync/internal/storage/mongo.go:42.2,42.46 1 0
quanyu-battery-sync/internal/storage/mongo.go:42.46,44.3 1 0
quanyu-battery-sync/internal/storage/mongo.go:46.2,55.15 3 0
quanyu-battery-sync/internal/storage/mongo.go:59.65,129.30 2 0
quanyu-battery-sync/internal/storage/mongo.go:129.30,132.17 3 0
quanyu-battery-sync/internal/storage/mongo.go:132.17,138.4 2 0
quanyu-battery-sync/internal/storage/mongo.go:139.3,139.80 1 0
quanyu-battery-sync/internal/storage/mongo.go:142.2,142.12 1 0
quanyu-battery-sync/internal/storage/mongo.go:146.66,148.2 1 0
quanyu-battery-sync/internal/storage/mongo.go:151.57,153.2 1 0
quanyu-battery-sync/internal/storage/sync_state.go:25.103,34.16 5 0
quanyu-battery-sync/internal/storage/sync_state.go:34.16,36.3 1 0
quanyu-battery-sync/internal/storage/sync_state.go:37.2,37.18 1 0
quanyu-battery-sync/internal/storage/sync_state.go:41.98,59.16 6 0
quanyu-battery-sync/internal/storage/sync_state.go:59.16,65.3 1 0
quanyu-battery-sync/internal/storage/sync_state.go:66.2,66.12 1 0
quanyu-battery-sync/internal/storage/sync_state.go:70.97,89.16 6 0
quanyu-battery-sync/internal/storage/sync_state.go:89.16,95.3 1 0
quanyu-battery-sync/internal/storage/sync_state.go:96.2,96.12 1 0
quanyu-battery-sync/internal/quanyu/client.go:36.69,44.2 1 0
quanyu-battery-sync/internal/quanyu/client.go:47.86,60.32 5 0
quanyu-battery-sync/internal/quanyu/client.go:60.32,62.3 1 0
quanyu-battery-sync/internal/quanyu/client.go:64.2,64.16 1 0
quanyu-battery-sync/internal/quanyu/client.go:68.135,72.53 3 0
quanyu-battery-sync/internal/quanyu/client.go:72.53,73.10 1 0
quanyu-battery-sync/internal/quanyu/client.go:74.21,75.25 1 0
quanyu-battery-sync/internal/quanyu/client.go:76.11,76.11 0 0
quanyu-battery-sync/internal/quanyu/client.go:79.3,90.17 6 0
quanyu-battery-sync/internal/quanyu/client.go:90.17,92.4 1 0
quanyu-battery-sync/internal/quanyu/client.go:93.3,96.17 3 0
quanyu-battery-sync/internal/quanyu/client.go:96.17,105.28 4 0
quanyu-battery-sync/internal/quanyu/client.go:105.28,107.13 2 0
quanyu-battery-sync/internal/quanyu/client.go:109.4,109.80 1 0
quanyu-battery-sync/internal/quanyu/client.go:112.3,114.17 3 0
quanyu-battery-sync/internal/quanyu/client.go:114.17,116.4 1 0
quanyu-battery-sync/internal/quanyu/client.go:118.3,121.55 3 0
quanyu-battery-sync/internal/quanyu/client.go:121.55,123.4 1 0
quanyu-battery-sync/internal/quanyu/client.go:126.3,128.20 3 0
quanyu-battery-sync/internal/quanyu/client.go:128.20,136.4 1 0
quanyu-battery-sync/internal/quanyu/client.go:139.3,139.24 1 0
quanyu-battery-sync/internal/quanyu/client.go:139.24,140.37 1 0
quanyu-battery-sync/internal/quanyu/client.go:140.37,147.29 2 0
quanyu-battery-sync/internal/quanyu/client.go:147.29,149.14 2 0
quanyu-battery-sync/internal/quanyu/client.go:152.4,157.23 2 0
quanyu-battery-sync/internal/quanyu/client.go:160.3,168.22 3 0
quanyu-battery-sync/internal/quanyu/client.go:171.2,171.53 1 0
quanyu-battery-sync/internal/quanyu/client.go:175.39,179.2 3 0
quanyu-battery-sync/internal/quanyu/client.go:182.92,184.16 2 0
quanyu-battery-sync/internal/quanyu/client.go:184.16,186.3 1 0
quanyu-battery-sync/internal/quanyu/client.go:187.2,187.21 1 0
quanyu-battery-sync/internal/quanyu/client.go:187.21,189.3 1 0
quanyu-battery-sync/internal/quanyu/client.go:191.2,192.59 2 0
quanyu-battery-sync/internal/quanyu/client.go:192.59,194.3 1 0
quanyu-battery-sync/internal/quanyu/client.go:195.2,195.21 1 0
quanyu-battery-sync/internal/quanyu/client.go:199.126,206.16 3 0
quanyu-battery-sync/internal/quanyu/client.go:206.16,208.3 1 0
quanyu-battery-sync/internal/quanyu/client.go:209.2,209.21 1 0
quanyu-battery-sync/internal/quanyu/client.go:209.21,211.3 1 0
quanyu-battery-sync/internal/quanyu/client.go:213.2,214.57 2 0
quanyu-battery-sync/internal/quanyu/client.go:214.57,216.3 1 0
quanyu-battery-sync/internal/quanyu/client.go:217.2,217.19 1 0
quanyu-battery-sync/internal/quanyu/client.go:221.141,230.16 3 0
quanyu-battery-sync/internal/quanyu/client.go:230.16,232.3 1 0
quanyu-battery-sync/internal/quanyu/client.go:233.2,233.21 1 0
quanyu-battery-sync/internal/quanyu/client.go:233.21,235.3 1 0
quanyu-battery-sync/internal/quanyu/client.go:237.2,238.58 2 0
quanyu-battery-sync/internal/quanyu/client.go:238.58,240.3 1 0
quanyu-battery-sync/internal/quanyu/client.go:241.2,241.20 1 0
quanyu-battery-sync/internal/quanyu/client.go:245.136,253.16 3 0
quanyu-battery-sync/internal/quanyu/client.go:253.16,255.3 1 0
quanyu-battery-sync/internal/quanyu/client.go:256.2,256.21 1 0
quanyu-battery-sync/internal/quanyu/client.go:256.21,258.3 1 0
quanyu-battery-sync/internal/quanyu/client.go:260.2,261.59 2 0
quanyu-battery-sync/internal/quanyu/client.go:261.59,263.3 1 0
quanyu-battery-sync/internal/quanyu/client.go:264.2,264.21 1 0
quanyu-battery-sync/internal/quanyu/client.go:268.136,276.16 3 0
quanyu-battery-sync/internal/quanyu/client.go:276.16,278.3 1 0
quanyu-battery-sync/internal/quanyu/client.go:279.2,279.21 1 0
quanyu-battery-sync/internal/quanyu/client.go:279.21,281.3 1 0
quanyu-battery-sync/internal/quanyu/client.go:283.2,284.60 2 0
quanyu-battery-sync/internal/quanyu/client.go:284.60,286.3 1 0
quanyu-battery-sync/internal/quanyu/client.go:287.2,287.22 1 0
quanyu-battery-sync/internal/quanyu/client.go:291.139,298.16 3 0
quanyu-battery-sync/internal/quanyu/client.go:298.16,300.3 1 0
quanyu-battery-sync/internal/quanyu/client.go:301.2,301.18 1 0
quanyu-battery-sync/internal/quanyu/sign.go:14.42,17.19 3 1
quanyu-battery-sync/internal/quanyu/sign.go:17.19,20.3 2 1
quanyu-battery-sync/internal/quanyu/sign.go:21.2,21.18 1 1
quanyu-battery-sync/internal/quanyu/sign.go:25.35,27.2 1 1
quanyu-battery-sync/internal/quanyu/sign.go:31.60,39.2 5 1
